<?xml version="1.0" encoding="UTF-8"?>
<!-- Generated by org.testng.reporters.JUnitReportReporter -->
<testsuite hostname="DESKTOP-SUIP5HI" failures="0" tests="1" name="TestngFrameWork.Tests.TestCase" time="19.731" errors="0" timestamp="2023-05-04T08:17:41 IST" skipped="0">
  <testcase classname="TestngFrameWork.Tests.TestCase" name="test2" time="19.731"/>
  <system-out/>
</testsuite> <!-- TestngFrameWork.Tests.TestCase -->
