<?xml version="1.0" encoding="UTF-8"?>
<!-- Generated by org.testng.reporters.JUnitReportReporter -->
<testsuite hostname="DESKTOP-SUIP5HI" failures="0" tests="1" name="TestngFrameWork.Tests.EcommerceTest" time="19.736" errors="0" timestamp="2023-04-01T08:40:44 IST" skipped="0">
  <testcase classname="TestngFrameWork.Tests.EcommerceTest" name="dataExtractionFromParticularRow" time="19.736"/>
  <system-out/>
</testsuite> <!-- TestngFrameWork.Tests.EcommerceTest -->
