<?xml version="1.0" encoding="UTF-8"?>
<!-- Generated by org.testng.reporters.JUnitReportReporter -->
<testsuite hostname="DESKTOP-SUIP5HI" failures="0" tests="1" name="TestngFrameWork.Tests.Ecommerce" time="42.066" errors="0" timestamp="2023-03-20T07:47:50 IST" skipped="0">
  <testcase classname="TestngFrameWork.Tests.Ecommerce" name="Ecommerce" time="42.066"/>
  <system-out/>
</testsuite> <!-- TestngFrameWork.Tests.Ecommerce -->
