<?xml version="1.0" encoding="UTF-8"?>
<!-- Generated by org.testng.reporters.JUnitReportReporter -->
<testsuite hostname="DESKTOP-SUIP5HI" failures="0" tests="2" name="TestngFrameWork.Tests.ErrorValidationTest" time="43.536" errors="0" timestamp="2023-04-01T09:40:55 IST" skipped="0">
  <testcase classname="TestngFrameWork.Tests.ErrorValidationTest" name="loginErrorValidation" time="18.769"/>
  <system-out/>
  <testcase classname="TestngFrameWork.Tests.ErrorValidationTest" name="productErrorValidation" time="24.767"/>
  <system-out/>
</testsuite> <!-- TestngFrameWork.Tests.ErrorValidationTest -->
