<?xml version="1.0" encoding="UTF-8"?>
<!-- Generated by org.testng.reporters.JUnitReportReporter -->
<testsuite hostname="DESKTOP-SUIP5HI" failures="0" tests="8" name="TestngFrameWork.Tests.EcommerceTest" time="113.341" errors="0" timestamp="2023-04-01T09:40:55 IST" skipped="0">
  <testcase classname="TestngFrameWork.Tests.EcommerceTest" name="excelDataTest" time="7.660"/>
  <system-out/>
  <testcase classname="TestngFrameWork.Tests.EcommerceTest" name="excelDataTest" time="16.293"/>
  <system-out/>
  <testcase classname="TestngFrameWork.Tests.EcommerceTest" name="excelDataTest" time="7.220"/>
  <system-out/>
  <testcase classname="TestngFrameWork.Tests.EcommerceTest" name="excelDataTest" time="7.942"/>
  <system-out/>
  <testcase classname="TestngFrameWork.Tests.EcommerceTest" name="Ecommerce" time="28.248"/>
  <system-out/>
  <testcase classname="TestngFrameWork.Tests.EcommerceTest" name="Ecommerce" time="28.649"/>
  <system-out/>
  <testcase classname="TestngFrameWork.Tests.EcommerceTest" name="dataExtractionFromParticularRow" time="8.779"/>
  <system-out/>
  <testcase classname="TestngFrameWork.Tests.EcommerceTest" name="OrderHistoryTest" time="8.550"/>
  <system-out/>
</testsuite> <!-- TestngFrameWork.Tests.EcommerceTest -->
